<?xml version="1.0" encoding="UTF-8"?>
<!-- Generated by org.testng.reporters.JUnitXMLReporter -->
<testsuite ignored="1" hostname="mehak-pc" failures="0" tests="3" name="regression" time="0.057" errors="0" timestamp="2021-07-21T11:02:50 CDT">
  <testcase classname="test.TestCase1" name="Demo" time="0.008"/>
  <testcase classname="test.TestCase1" name="wemo" time="0.002"/>
  <testcase classname="test.TestCase3" name="Demo4" time="0.001"/>
  <testcase classname="test.TestCase2" name="Demo3" time="0.0">
    <ignored/>
  </testcase> <!-- Demo3 -->
</testsuite> <!-- regression -->
